{
  "RSpec": {
    "coverage": {
      "/home/doaa/Videos/Otlob-Api/spec/models/test_spec.rb": [
        1,
        null,
        1,
        1,
        null
      ],
      "/home/doaa/Videos/Otlob-Api/spec/rails_helper.rb": [
        null,
        1,
        1,
        1,
        null,
        1,
        1,
        null,
        null,
        null,
        null,
        null,
        null,
        null,
        null,
        null,
        null,
        null,
        null,
        null,
        null,
        null,
        null,
        null,
        null,
        null,
        null,
        1,
        null,
        null,
        null,
        null,
        null,
        null,
        null,
        null,
        null,
        null,
        null,
        null,
        null,
        1,
        null,
        null,
        1,
        null,
        null,
        null,
        1,
        1,
        1,
        null,
        null,
        1,
        0,
        null,
        null,
        1,
        0,
        null,
        null
      ],
      "/home/doaa/Videos/Otlob-Api/config/environment.rb": [
        null,
        1,
        null,
        null,
        1
      ],
      "/home/doaa/Videos/Otlob-Api/config/application.rb": [
        1,
        null,
        1,
        null,
        1,
        1,
        null,
        null,
        1,
        1,
        1,
        1,
        null,
        null,
        null,
        null,
        null,
        1,
        null,
        1,
        1,
        null,
        1,
        null,
        null,
        null,
        null,
        null,
        null,
        null,
        null,
        null,
        1,
        null,
        null
      ],
      "/home/doaa/Videos/Otlob-Api/config/boot.rb": [
        1,
        null,
        1,
        1
      ],
      "/home/doaa/Videos/Otlob-Api/config/environments/test.rb": [
        1,
        null,
        null,
        null,
        null,
        null,
        null,
        1,
        null,
        null,
        null,
        null,
        1,
        null,
        null,
        1,
        1,
        null,
        null,
        null,
        null,
        1,
        1,
        null,
        null,
        1,
        null,
        null,
        1,
        null,
        1,
        null,
        null,
        null,
        null,
        1,
        null,
        null,
        1,
        null,
        null,
        null,
        null
      ],
      "/home/doaa/Videos/Otlob-Api/config/initializers/application_controller_renderer.rb": [
        null,
        null,
        null,
        null,
        null,
        null,
        null,
        null
      ],
      "/home/doaa/Videos/Otlob-Api/config/initializers/backtrace_silencers.rb": [
        null,
        null,
        null,
        null,
        null,
        null,
        null
      ],
      "/home/doaa/Videos/Otlob-Api/config/initializers/cors.rb": [
        null,
        null,
        null,
        null,
        null,
        null,
        null,
        null,
        null,
        null,
        null,
        null,
        null,
        null,
        null,
        null
      ],
      "/home/doaa/Videos/Otlob-Api/config/initializers/filter_parameter_logging.rb": [
        null,
        null,
        null,
        1
      ],
      "/home/doaa/Videos/Otlob-Api/config/initializers/inflections.rb": [
        null,
        null,
        null,
        null,
        null,
        null,
        null,
        null,
        null,
        null,
        null,
        null,
        null,
        null,
        null,
        null
      ],
      "/home/doaa/Videos/Otlob-Api/config/initializers/mime_types.rb": [
        null,
        null,
        null,
        null
      ],
      "/home/doaa/Videos/Otlob-Api/config/initializers/wrap_parameters.rb": [
        null,
        null,
        null,
        null,
        null,
        null,
        1,
        1,
        null
      ],
      "/home/doaa/Videos/Otlob-Api/spec/factories/tests.rb": [
        1,
        1,
        null,
        null,
        null
      ],
      "/home/doaa/Videos/Otlob-Api/config/routes.rb": [
        1,
        null,
        null
      ],
      "/home/doaa/Videos/Otlob-Api/app/models/test.rb": [
        1,
        1,
        null
      ]
    },
    "timestamp": 1553418114
  }
}
